## Puredyne generic grub menu.lst options
## RTFM -> http://code.goto10.org/projects/puredyne/wiki/liveHDInstall
## RTFM -> http://www.gnu.org/software/grub/manual/
##
## take care to adapt the following with your partitions!
## if you are confused about all this: DON'T DO IT!
## Ask someone for some help/advice :)
##
## If you use Windows, uncomment and edit the last entry

default 0
timeout 15

## Entry for Puredyne
title Puredyne
root (hd0,0) # this is hda1, hda2 is (hd0,1), sdb3 is (hd1,2), etc..
kernel /live/vmlinuz1 ramdisk_size=100000 boot=live persistent username=lintian hostname=puredyne
initrd /live/initrd1.img


## Entry for Windblows
#title Windblows
#rootnoverify (hd0,0)
#chainloader +1
